[2026-02-08T15:36:41.400Z] Server running on http://0.0.0.0:5002 (MySQL Mode)
[2026-02-08T15:36:46.062Z] Ping received
[2026-02-08T15:42:37.558Z] Server running on http://0.0.0.0:5005 (MySQL Mode)
[2026-02-08T15:43:15.291Z] Login attempt: "penulis_ayaka"
[2026-02-08T15:43:15.300Z] Matches found: 1
[2026-02-08T15:43:15.300Z] Checking user from users, role: Penulis
[2026-02-08T15:43:15.394Z] Password valid: true
[2026-02-08T15:43:57.168Z] Login attempt: "ganang"
[2026-02-08T15:43:57.174Z] Matches found: 2
[2026-02-08T15:43:57.175Z] Checking user from users, role: Penulis
[2026-02-08T15:43:57.175Z] Password valid: false
[2026-02-08T15:43:57.175Z] Checking user from admins, role: Super Admin
[2026-02-08T15:43:57.266Z] Password valid: false
[2026-02-08T15:43:57.266Z] Login failed: No matching password found for any matched record.
[2026-02-08T15:44:06.718Z] Login attempt: "ganang"
[2026-02-08T15:44:06.722Z] Matches found: 2
[2026-02-08T15:44:06.723Z] Checking user from users, role: Penulis
[2026-02-08T15:44:06.723Z] Password valid: false
[2026-02-08T15:44:06.723Z] Checking user from admins, role: Super Admin
[2026-02-08T15:44:06.819Z] Password valid: false
[2026-02-08T15:44:06.819Z] Login failed: No matching password found for any matched record.
[2026-02-08T15:44:15.546Z] Login attempt: "superadmin"
[2026-02-08T15:44:15.549Z] Matches found: 1
[2026-02-08T15:44:15.549Z] Checking user from admins, role: Super Admin
[2026-02-08T15:44:15.644Z] Password valid: false
[2026-02-08T15:44:15.644Z] Login failed: No matching password found for any matched record.
[2026-02-08T15:44:36.699Z] Login attempt: "superadmin"
[2026-02-08T15:44:36.704Z] Matches found: 1
[2026-02-08T15:44:36.704Z] Checking user from admins, role: Super Admin
[2026-02-08T15:44:36.798Z] Password valid: true
[2026-02-08T15:45:58.204Z] Login attempt: "penulis_ayaka"
[2026-02-08T15:45:58.207Z] Matches found: 1
[2026-02-08T15:45:58.208Z] Checking user from users, role: Penulis
[2026-02-08T15:45:58.300Z] Password valid: true
[2026-02-08T16:07:38.357Z] Server running on http://0.0.0.0:5005 (MySQL Mode)
[2026-02-08T16:12:05.107Z] Login attempt: "ganang"
[2026-02-08T16:12:05.113Z] Matches found: 2
[2026-02-08T16:12:05.114Z] Checking user from users, role: Penulis
[2026-02-08T16:12:05.117Z] Password valid: false
[2026-02-08T16:12:05.117Z] Checking user from admins, role: Super Admin
[2026-02-08T16:12:05.206Z] Password valid: false
[2026-02-08T16:12:05.206Z] Login failed: No matching password found for any matched record.
[2026-02-08T16:12:37.734Z] Login attempt: "ganang"
[2026-02-08T16:12:37.737Z] Matches found: 2
[2026-02-08T16:12:37.737Z] Checking user from users, role: Penulis
[2026-02-08T16:12:37.738Z] Password valid: false
[2026-02-08T16:12:37.738Z] Checking user from admins, role: Super Admin
[2026-02-08T16:12:37.738Z] Password valid: false
[2026-02-08T16:12:37.738Z] Login failed: No matching password found for any matched record.
[2026-02-08T16:12:53.036Z] Login attempt: "ganang"
[2026-02-08T16:12:53.040Z] Matches found: 2
[2026-02-08T16:12:53.040Z] Checking user from users, role: Penulis
[2026-02-08T16:12:53.040Z] Password valid: false
[2026-02-08T16:12:53.041Z] Checking user from admins, role: Super Admin
[2026-02-08T16:12:53.041Z] Password valid: false
[2026-02-08T16:12:53.041Z] Login failed: No matching password found for any matched record.
[2026-02-08T16:13:06.076Z] Server running on http://0.0.0.0:5005 (MySQL Mode)
[2026-02-08T16:13:21.844Z] Login attempt: "ganang"
[2026-02-08T16:13:21.847Z] Matches found: 2
[2026-02-08T16:13:21.848Z] Checking user from users, role: Penulis
[2026-02-08T16:13:21.849Z] Password valid: false
[2026-02-08T16:13:21.849Z] Checking user from admins, role: Super Admin
[2026-02-08T16:13:21.849Z] Password valid: false
[2026-02-08T16:13:21.850Z] Login failed: No matching password found for any matched record.
[2026-02-08T16:15:49.756Z] Login attempt: "ganang"
[2026-02-08T16:15:49.776Z] Matches found: 2
[2026-02-08T16:15:49.776Z] Checking user from users, role: Penulis
[2026-02-08T16:15:49.872Z] Password valid: true
[2026-02-08T16:17:30.484Z] Login attempt: "ganang"
[2026-02-08T16:17:30.542Z] Matches found: 2
[2026-02-08T16:17:30.542Z] Checking user from users, role: Penulis
[2026-02-08T16:17:30.610Z] Password valid: true
[2026-02-08T16:17:30.629Z] Login attempt: "ganang"
[2026-02-08T16:17:30.630Z] Matches found: 2
[2026-02-08T16:17:30.631Z] Checking user from users, role: Penulis
[2026-02-08T16:17:30.696Z] Password valid: true
[2026-02-08T16:17:40.212Z] Server running on http://0.0.0.0:5005 (MySQL Mode)
[2026-02-08T16:17:46.262Z] Login attempt: "ganang" (Source: admins)
[2026-02-08T16:17:46.277Z] Matches found: 1
[2026-02-08T16:17:46.277Z] Checking user from admins, role: Super Admin
[2026-02-08T16:17:46.347Z] Password valid: true
[2026-02-08T16:17:46.359Z] Login attempt: "ganang" (Source: users)
[2026-02-08T16:17:46.360Z] Matches found: 1
[2026-02-08T16:17:46.360Z] Checking user from users, role: Penulis
[2026-02-08T16:17:46.426Z] Password valid: true
[2026-02-08T16:18:22.571Z] Login attempt: "ganang" (Source: admins)
[2026-02-08T16:18:22.575Z] Matches found: 1
[2026-02-08T16:18:22.575Z] Checking user from admins, role: Super Admin
[2026-02-08T16:18:22.667Z] Password valid: true
[2026-02-08T16:19:32.464Z] Login attempt: "ganang" (Source: users)
[2026-02-08T16:19:32.467Z] Matches found: 1
[2026-02-08T16:19:32.467Z] Checking user from users, role: Penulis
[2026-02-08T16:19:32.560Z] Password valid: true
[2026-02-08T16:20:41.982Z] Login attempt: "ganang" (Source: admins)
[2026-02-08T16:20:41.986Z] Matches found: 1
[2026-02-08T16:20:41.987Z] Checking user from admins, role: Super Admin
[2026-02-08T16:20:42.081Z] Password valid: true
[2026-02-08T16:21:33.186Z] Login attempt: "penulis_ayaka" (Source: users)
[2026-02-08T16:21:33.189Z] Matches found: 1
[2026-02-08T16:21:33.190Z] Checking user from users, role: Penulis
[2026-02-08T16:21:33.280Z] Password valid: true
[2026-02-08T16:22:00.641Z] Login attempt: "penulis_ayaka" (Source: users)
[2026-02-08T16:22:00.645Z] Matches found: 1
[2026-02-08T16:22:00.645Z] Checking user from users, role: Penulis
[2026-02-08T16:22:00.737Z] Password valid: true
[2026-02-08T16:33:30.188Z] Login attempt: "superadmin" (Source: admins)
[2026-02-08T16:33:30.204Z] Matches found: 1
[2026-02-08T16:33:30.205Z] Checking user from admins, role: Super Admin
[2026-02-08T16:33:30.380Z] Password valid: false
[2026-02-08T16:33:30.380Z] Login failed: No matching password found for any matched record.
[2026-02-08T16:33:41.189Z] Login attempt: "ganang" (Source: admins)
[2026-02-08T16:33:41.193Z] Matches found: 1
[2026-02-08T16:33:41.194Z] Checking user from admins, role: Super Admin
[2026-02-08T16:33:41.271Z] Password valid: true
[2026-02-08T16:33:53.797Z] Login attempt: "ganang" (Source: admins)
[2026-02-08T16:33:53.810Z] Matches found: 1
[2026-02-08T16:33:53.810Z] Checking user from admins, role: Super Admin
[2026-02-08T16:33:53.905Z] Password valid: true
[2026-02-08T16:34:15.754Z] Login attempt: "ganang" (Source: users)
[2026-02-08T16:34:15.801Z] Matches found: 1
[2026-02-08T16:34:15.801Z] Checking user from users, role: Penulis
[2026-02-08T16:34:15.885Z] Password valid: true
[2026-02-08T16:38:18.078Z] Server running on http://0.0.0.0:5005 (MySQL Mode)
[2026-02-08T16:39:21.928Z] Login attempt: "superadminganang" (Source: admins)
[2026-02-08T16:39:21.990Z] Matches found: 0
[2026-02-08T16:39:49.614Z] Login attempt: "superadminganang" (Source: admins)
[2026-02-08T16:39:49.693Z] Matches found: 0
[2026-02-08T16:40:02.590Z] Login attempt: "ganang" (Source: admins)
[2026-02-08T16:40:02.604Z] Matches found: 1
[2026-02-08T16:40:02.605Z] Checking user from admins, role: Super Admin
[2026-02-08T16:40:02.686Z] Password valid: true
[2026-02-08T16:40:33.980Z] Login attempt: "ganang" (Source: users)
[2026-02-08T16:40:34.069Z] Matches found: 1
[2026-02-08T16:40:34.070Z] Checking user from users, role: Penulis
[2026-02-08T16:40:34.160Z] Password valid: true
[2026-02-08T16:48:29.846Z] Login attempt: "superadminganang" (Source: admins)
[2026-02-08T16:48:29.859Z] Matches found: 0
[2026-02-08T16:49:09.623Z] Login attempt: "superadminganang" (Source: admins)
[2026-02-08T16:49:09.643Z] Matches found: 0
[2026-02-08T16:49:44.500Z] Login attempt: "superadmin" (Source: users)
[2026-02-08T16:49:44.557Z] Matches found: 0
[2026-02-08T16:51:54.979Z] Login attempt: "superadminganang" (Source: admins)
[2026-02-08T16:51:55.077Z] Matches found: 0
[2026-02-08T16:52:09.190Z] Login attempt: "ganang" (Source: admins)
[2026-02-08T16:52:09.195Z] Matches found: 1
[2026-02-08T16:52:09.195Z] Checking user from admins, role: Super Admin
[2026-02-08T16:52:09.278Z] Password valid: true
[2026-02-08T16:53:19.945Z] Login attempt: "penulis_ayaka" (Source: users)
[2026-02-08T16:53:19.951Z] Matches found: 1
[2026-02-08T16:53:19.951Z] Checking user from users, role: Penulis
[2026-02-08T16:53:20.046Z] Password valid: true
[2026-02-08T16:53:45.357Z] Login attempt: "ganang" (Source: admins)
[2026-02-08T16:53:45.361Z] Matches found: 1
[2026-02-08T16:53:45.362Z] Checking user from admins, role: Super Admin
[2026-02-08T16:53:45.456Z] Password valid: false
[2026-02-08T16:53:45.457Z] Login failed: No matching password found for any matched record.
[2026-02-08T16:53:50.735Z] Login attempt: "ganang" (Source: admins)
[2026-02-08T16:53:50.736Z] Matches found: 1
[2026-02-08T16:53:50.737Z] Checking user from admins, role: Super Admin
[2026-02-08T16:53:50.831Z] Password valid: true
[2026-02-08T17:15:29.262Z] Login attempt: "superadmin" (Source: users)
[2026-02-08T17:15:29.270Z] Matches found: 0
[2026-02-08T17:15:34.813Z] Login attempt: "superadmin" (Source: users)
[2026-02-08T17:15:34.815Z] Matches found: 0
[2026-02-08T17:15:43.301Z] Login attempt: "penulis_ayaka" (Source: users)
[2026-02-08T17:15:43.307Z] Matches found: 1
[2026-02-08T17:15:43.307Z] Checking user from users, role: Penulis
[2026-02-08T17:15:43.403Z] Password valid: true
[2026-02-09T09:44:11.710Z] Server running on http://0.0.0.0:5005 (MySQL Mode)
[2026-02-09T09:50:30.280Z] Login attempt: "ganang" (Source: admins)
[2026-02-09T09:50:30.372Z] Matches found: 1
[2026-02-09T09:50:30.372Z] Checking user from admins, role: Super Admin
[2026-02-09T09:50:30.456Z] Password valid: true
[2026-02-09T09:51:50.880Z] Login attempt: "penulis_ayaka" (Source: users)
[2026-02-09T09:51:50.943Z] Matches found: 1
[2026-02-09T09:51:50.944Z] Checking user from users, role: Penulis
[2026-02-09T09:51:51.024Z] Password valid: true
[2026-02-09T11:05:45.512Z] Server running on http://0.0.0.0:5005 (MySQL Mode)
[2026-02-09T11:05:54.645Z] Stats request from User ID: 4, Role: Penulis
[2026-02-09T11:05:54.646Z] Fetching author stats for ID: 4...
[2026-02-09T11:05:54.678Z] Author stats successfully fetched.
[2026-02-09T11:06:02.908Z] Stats request from User ID: 1, Role: Super Admin
[2026-02-09T11:06:02.908Z] Fetching global stats...
[2026-02-09T11:06:02.919Z] Table communications missing or error: Table 'ayaka_db.communications' doesn't exist
[2026-02-09T11:06:02.919Z] Global stats successfully fetched.
[2026-02-09T11:06:47.615Z] Stats request from User ID: 1, Role: Super Admin
[2026-02-09T11:06:47.616Z] Fetching global stats...
[2026-02-09T11:06:47.624Z] Table communications missing or error: Table 'ayaka_db.communications' doesn't exist
[2026-02-09T11:06:47.625Z] Global stats successfully fetched.
[2026-02-09T11:06:47.627Z] Stats request from User ID: 1, Role: Super Admin
[2026-02-09T11:06:47.627Z] Fetching global stats...
[2026-02-09T11:06:47.630Z] Table communications missing or error: Table 'ayaka_db.communications' doesn't exist
[2026-02-09T11:06:47.631Z] Global stats successfully fetched.
[2026-02-09T11:07:01.370Z] Stats request from User ID: 4, Role: Penulis
[2026-02-09T11:07:01.370Z] Fetching author stats for ID: 4...
[2026-02-09T11:07:01.374Z] Author stats successfully fetched.
[2026-02-09T11:07:01.376Z] Stats request from User ID: 4, Role: Penulis
[2026-02-09T11:07:01.376Z] Fetching author stats for ID: 4...
[2026-02-09T11:07:01.379Z] Author stats successfully fetched.
[2026-02-09T11:08:58.113Z] Stats request from User ID: 1, Role: Super Admin
[2026-02-09T11:08:58.114Z] Fetching global stats...
[2026-02-09T11:08:58.119Z] Table communications missing or error: Table 'ayaka_db.communications' doesn't exist
[2026-02-09T11:08:58.120Z] Global stats successfully fetched.
[2026-02-09T11:08:58.122Z] Stats request from User ID: 1, Role: Super Admin
[2026-02-09T11:08:58.122Z] Fetching global stats...
[2026-02-09T11:08:58.125Z] Table communications missing or error: Table 'ayaka_db.communications' doesn't exist
[2026-02-09T11:08:58.125Z] Global stats successfully fetched.
[2026-02-09T11:09:31.501Z] Stats request from User ID: 1, Role: Super Admin
[2026-02-09T11:09:31.504Z] Fetching global stats...
[2026-02-09T11:09:31.514Z] Table communications missing or error: Table 'ayaka_db.communications' doesn't exist
[2026-02-09T11:09:31.515Z] Global stats successfully fetched.
[2026-02-09T11:09:31.517Z] Stats request from User ID: 1, Role: Super Admin
[2026-02-09T11:09:31.517Z] Fetching global stats...
[2026-02-09T11:09:31.522Z] Table communications missing or error: Table 'ayaka_db.communications' doesn't exist
[2026-02-09T11:09:31.522Z] Global stats successfully fetched.
[2026-02-09T11:11:30.835Z] Stats request from User ID: 1, Role: Super Admin
[2026-02-09T11:11:30.836Z] Fetching global stats...
[2026-02-09T11:11:30.846Z] Global stats successfully fetched.
[2026-02-09T11:11:30.848Z] Stats request from User ID: 1, Role: Super Admin
[2026-02-09T11:11:30.848Z] Fetching global stats...
[2026-02-09T11:11:30.853Z] Global stats successfully fetched.
[2026-02-09T11:12:21.148Z] Server running on http://0.0.0.0:5005 (MySQL Mode)
[2026-02-09T11:15:29.001Z] Server running on http://0.0.0.0:5005 (MySQL Mode)
[2026-02-09T11:19:24.995Z] Server running on http://0.0.0.0:5005 (MySQL Mode)
[2026-02-09T11:25:49.411Z] Stats request from User ID: 1, Role: Super Admin
[2026-02-09T11:25:49.412Z] Fetching global stats...
[2026-02-09T11:25:49.423Z] Global stats successfully fetched.
[2026-02-09T11:25:49.426Z] Stats request from User ID: 1, Role: Super Admin
[2026-02-09T11:25:49.426Z] Fetching global stats...
[2026-02-09T11:25:49.430Z] Global stats successfully fetched.
[2026-02-09T12:17:11.503Z] Stats request from User ID: 1, Role: Super Admin
[2026-02-09T12:17:11.508Z] Fetching global stats...
[2026-02-09T12:17:11.571Z] Global stats successfully fetched.
[2026-02-09T12:17:11.574Z] Stats request from User ID: 1, Role: Super Admin
[2026-02-09T12:17:11.575Z] Fetching global stats...
[2026-02-09T12:17:11.577Z] Global stats successfully fetched.
[2026-02-09T12:54:55.625Z] Server running on http://0.0.0.0:5005 (MySQL Mode)
[2026-02-09T12:55:35.289Z] Stats request from User ID: 4, Role: Penulis
[2026-02-09T12:55:35.289Z] Fetching author stats for ID: 4...
[2026-02-09T12:55:35.300Z] Author stats successfully fetched.
[2026-02-09T12:55:35.302Z] Stats request from User ID: 4, Role: Penulis
[2026-02-09T12:55:35.302Z] Fetching author stats for ID: 4...
[2026-02-09T12:55:35.305Z] Author stats successfully fetched.
[2026-02-09T12:55:45.576Z] Stats request from User ID: 4, Role: Penulis
[2026-02-09T12:55:45.576Z] Fetching author stats for ID: 4...
[2026-02-09T12:55:45.582Z] Author stats successfully fetched.
[2026-02-09T12:55:45.586Z] Stats request from User ID: 4, Role: Penulis
[2026-02-09T12:55:45.586Z] Fetching author stats for ID: 4...
[2026-02-09T12:55:45.597Z] Author stats successfully fetched.
[2026-02-09T12:56:01.912Z] Stats request from User ID: 1, Role: Super Admin
[2026-02-09T12:56:01.912Z] Fetching global stats...
[2026-02-09T12:56:01.924Z] Global stats successfully fetched.
[2026-02-09T12:56:01.926Z] Stats request from User ID: 1, Role: Super Admin
[2026-02-09T12:56:01.926Z] Fetching global stats...
[2026-02-09T12:56:01.928Z] Global stats successfully fetched.
[2026-02-09T13:07:23.649Z] Server running on http://0.0.0.0:5005 (MySQL Mode)
[2026-02-09T13:10:12.577Z] Stats request from User ID: 4, Role: Penulis
[2026-02-09T13:10:12.579Z] Fetching author stats for ID: 4...
[2026-02-09T13:10:12.591Z] Author stats successfully fetched.
[2026-02-09T13:10:12.593Z] Stats request from User ID: 4, Role: Penulis
[2026-02-09T13:10:12.593Z] Fetching author stats for ID: 4...
[2026-02-09T13:10:12.596Z] Author stats successfully fetched.
[2026-02-09T13:10:15.875Z] Stats request from User ID: 4, Role: Penulis
[2026-02-09T13:10:15.875Z] Fetching author stats for ID: 4...
[2026-02-09T13:10:15.881Z] Author stats successfully fetched.
[2026-02-09T13:10:15.883Z] Stats request from User ID: 4, Role: Penulis
[2026-02-09T13:10:15.883Z] Fetching author stats for ID: 4...
[2026-02-09T13:10:15.887Z] Author stats successfully fetched.
[2026-02-09T13:26:09.671Z] Stats request from User ID: 4, Role: Penulis
[2026-02-09T13:26:09.673Z] Fetching author stats for ID: 4...
[2026-02-09T13:26:09.681Z] Author stats successfully fetched.
[2026-02-09T13:26:09.683Z] Stats request from User ID: 4, Role: Penulis
[2026-02-09T13:26:09.683Z] Fetching author stats for ID: 4...
[2026-02-09T13:26:09.687Z] Author stats successfully fetched.
[2026-02-09T13:26:15.052Z] Stats request from User ID: 1, Role: Super Admin
[2026-02-09T13:26:15.053Z] Fetching global stats...
[2026-02-09T13:26:15.067Z] Global stats successfully fetched.
[2026-02-09T13:26:15.068Z] Stats request from User ID: 1, Role: Super Admin
[2026-02-09T13:26:15.069Z] Fetching global stats...
[2026-02-09T13:26:15.071Z] Global stats successfully fetched.
[2026-02-09T13:51:26.664Z] Stats request from User ID: 1, Role: Super Admin
[2026-02-09T13:51:26.667Z] Fetching global stats...
[2026-02-09T13:51:26.678Z] Global stats successfully fetched.
[2026-02-09T13:51:26.679Z] Stats request from User ID: 1, Role: Super Admin
[2026-02-09T13:51:26.679Z] Fetching global stats...
[2026-02-09T13:51:26.683Z] Global stats successfully fetched.
[2026-02-09T13:52:04.569Z] Stats request from User ID: 4, Role: Penulis
[2026-02-09T13:52:04.570Z] Fetching author stats for ID: 4...
[2026-02-09T13:52:04.575Z] Author stats successfully fetched.
[2026-02-09T13:52:04.576Z] Stats request from User ID: 4, Role: Penulis
[2026-02-09T13:52:04.577Z] Fetching author stats for ID: 4...
[2026-02-09T13:52:04.581Z] Author stats successfully fetched.
[2026-02-09T13:52:28.570Z] Stats request from User ID: 1, Role: Super Admin
[2026-02-09T13:52:28.570Z] Fetching global stats...
[2026-02-09T13:52:28.577Z] Global stats successfully fetched.
[2026-02-09T13:52:28.579Z] Stats request from User ID: 1, Role: Super Admin
[2026-02-09T13:52:28.579Z] Fetching global stats...
[2026-02-09T13:52:28.582Z] Global stats successfully fetched.
[2026-02-09T13:53:00.534Z] Stats request from User ID: 4, Role: Penulis
[2026-02-09T13:53:00.535Z] Fetching author stats for ID: 4...
[2026-02-09T13:53:00.540Z] Author stats successfully fetched.
[2026-02-09T13:53:00.543Z] Stats request from User ID: 4, Role: Penulis
[2026-02-09T13:53:00.543Z] Fetching author stats for ID: 4...
[2026-02-09T13:53:00.549Z] Author stats successfully fetched.
[2026-02-09T13:54:28.343Z] Stats request from User ID: 4, Role: Penulis
[2026-02-09T13:54:28.345Z] Fetching author stats for ID: 4...
[2026-02-09T13:54:28.350Z] Author stats successfully fetched.
[2026-02-09T13:54:28.351Z] Stats request from User ID: 4, Role: Penulis
[2026-02-09T13:54:28.351Z] Fetching author stats for ID: 4...
[2026-02-09T13:54:28.356Z] Author stats successfully fetched.
[2026-02-09T13:56:59.488Z] Stats request from User ID: 4, Role: Penulis
[2026-02-09T13:56:59.490Z] Fetching author stats for ID: 4...
[2026-02-09T13:56:59.498Z] Author stats successfully fetched.
[2026-02-09T13:56:59.500Z] Stats request from User ID: 4, Role: Penulis
[2026-02-09T13:56:59.500Z] Fetching author stats for ID: 4...
[2026-02-09T13:56:59.503Z] Author stats successfully fetched.
[2026-02-09T13:57:52.583Z] Stats request from User ID: 4, Role: Penulis
[2026-02-09T13:57:52.584Z] Fetching author stats for ID: 4...
[2026-02-09T13:57:52.591Z] Author stats successfully fetched.
[2026-02-09T13:57:52.592Z] Stats request from User ID: 4, Role: Penulis
[2026-02-09T13:57:52.592Z] Fetching author stats for ID: 4...
[2026-02-09T13:57:52.596Z] Author stats successfully fetched.
[2026-02-09T14:18:09.585Z] Stats request from User ID: 4, Role: Penulis
[2026-02-09T14:18:09.586Z] Fetching author stats for ID: 4...
[2026-02-09T14:18:09.643Z] Author stats successfully fetched.
[2026-02-09T14:18:09.645Z] Stats request from User ID: 4, Role: Penulis
[2026-02-09T14:18:09.645Z] Fetching author stats for ID: 4...
[2026-02-09T14:18:09.648Z] Author stats successfully fetched.
[2026-02-09T14:21:49.324Z] Server running on http://0.0.0.0:5005 (MySQL Mode)
[2026-02-09T18:37:12.121Z] Stats request from User ID: 1, Role: Super Admin
[2026-02-09T18:37:12.125Z] Fetching global stats...
[2026-02-09T18:37:12.146Z] Global stats successfully fetched.
[2026-02-09T18:37:12.147Z] Stats request from User ID: 1, Role: Super Admin
[2026-02-09T18:37:12.147Z] Fetching global stats...
[2026-02-09T18:37:12.155Z] Global stats successfully fetched.
[2026-02-09T18:37:51.706Z] Stats request from User ID: 4, Role: Penulis
[2026-02-09T18:37:51.709Z] Fetching author stats for ID: 4...
[2026-02-09T18:37:51.733Z] Author stats successfully fetched.
[2026-02-09T18:37:51.735Z] Stats request from User ID: 4, Role: Penulis
[2026-02-09T18:37:51.735Z] Fetching author stats for ID: 4...
[2026-02-09T18:37:51.737Z] Author stats successfully fetched.
